<?xml version="1.0" encoding="UTF-8"?>
<!-- Generated by org.testng.reporters.JUnitReportReporter -->
<testsuite hostname="CP1233" name="testATE.testStrings" tests="1" failures="0" timestamp="21 Mar 2016 15:41:35 GMT" time="0.010" errors="0">
  <testcase name="testGetNumberOfWords" time="0.010" classname="testATE.testStrings"/>
</testsuite> <!-- testATE.testStrings -->
