<?xml version="1.0" encoding="UTF-8"?>
<!-- Generated by org.testng.reporters.JUnitReportReporter -->
<testsuite hostname="CP1233" name="testATE.TestCalculator" tests="6" failures="0" timestamp="29 Mar 2016 12:23:46 GMT" time="0.014" errors="0">
  <testcase name="TestPlus" time="0.001" classname="testATE.TestCalculator"/>
  <testcase name="TestGetA" time="0.001" classname="testATE.TestCalculator"/>
  <testcase name="TestMinus" time="0.001" classname="testATE.TestCalculator"/>
  <testcase name="TestGetB" time="0.001" classname="testATE.TestCalculator"/>
  <testcase name="TestMultiply" time="0.001" classname="testATE.TestCalculator"/>
  <testcase name="TestDivide" time="0.009" classname="testATE.TestCalculator"/>
</testsuite> <!-- testATE.TestCalculator -->
