<?xml version="1.0" encoding="UTF-8"?>
<!-- Generated by org.testng.reporters.JUnitReportReporter -->
<testsuite hostname="CP1233" name="testATE.testStrings" tests="1" failures="0" timestamp="25 Mar 2016 11:40:59 GMT" time="0.008" errors="0">
  <testcase name="testGetNumberOfWords" time="0.008" classname="testATE.testStrings"/>
</testsuite> <!-- testATE.testStrings -->
